<?xml version="1.0" encoding="UTF-8"?>
<testsuite xmlns:xsi="http://www.w3.org/2001/XMLSchema-instance" xsi:noNamespaceSchemaLocation="https://maven.apache.org/surefire/maven-failsafe-plugin/xsd/failsafe-test-report.xsd" name="com.examples.school.repository.mongo.StudentMongoRepositoryTestcontainersIT" time="8.463" tests="4" errors="0" skipped="0" failures="0">
  <properties>
    <property name="java.specification.version" value="17"/>
    <property name="sun.jnu.encoding" value="UTF-8"/>
    <property name="java.class.path" value="/home/walkingtree/projects/git_projects/sonarqube-codecoverage-example/com.examples.school/target/test-classes:/home/walkingtree/projects/git_projects/sonarqube-codecoverage-example/com.examples.school/target/school-0.0.1-SNAPSHOT.jar:/home/walkingtree/.m2/repository/org/mongodb/mongo-java-driver/3.12.8/mongo-java-driver-3.12.8.jar:/home/walkingtree/.m2/repository/com/google/code/findbugs/jsr305/3.0.2/jsr305-3.0.2.jar:/home/walkingtree/.m2/repository/ch/qos/logback/logback-classic/1.2.3/logback-classic-1.2.3.jar:/home/walkingtree/.m2/repository/ch/qos/logback/logback-core/1.2.3/logback-core-1.2.3.jar:/home/walkingtree/.m2/repository/org/slf4j/slf4j-api/1.7.25/slf4j-api-1.7.25.jar:/home/walkingtree/.m2/repository/info/picocli/picocli/3.9.3/picocli-3.9.3.jar:/home/walkingtree/.m2/repository/junit/junit/4.13.1/junit-4.13.1.jar:/home/walkingtree/.m2/repository/org/hamcrest/hamcrest-core/1.3/hamcrest-core-1.3.jar:/home/walkingtree/.m2/repository/org/assertj/assertj-swing-junit/3.9.2/assertj-swing-junit-3.9.2.jar:/home/walkingtree/.m2/repository/org/assertj/assertj-swing/3.9.2/assertj-swing-3.9.2.jar:/home/walkingtree/.m2/repository/org/assertj/assertj-core/3.11.1/assertj-core-3.11.1.jar:/home/walkingtree/.m2/repository/org/easytesting/fest-util/1.2.5/fest-util-1.2.5.jar:/home/walkingtree/.m2/repository/org/easytesting/fest-reflect/1.4.1/fest-reflect-1.4.1.jar:/home/walkingtree/.m2/repository/org/mockito/mockito-core/3.2.4/mockito-core-3.2.4.jar:/home/walkingtree/.m2/repository/net/bytebuddy/byte-buddy/1.10.5/byte-buddy-1.10.5.jar:/home/walkingtree/.m2/repository/net/bytebuddy/byte-buddy-agent/1.10.5/byte-buddy-agent-1.10.5.jar:/home/walkingtree/.m2/repository/org/objenesis/objenesis/2.6/objenesis-2.6.jar:/home/walkingtree/.m2/repository/de/bwaldvogel/mongo-java-server/1.24.0/mongo-java-server-1.24.0.jar:/home/walkingtree/.m2/repository/de/bwaldvogel/mongo-java-server-core/1.24.0/mongo-java-server-core-1.24.0.jar:/home/walkingtree/.m2/repository/io/netty/netty-transport/4.1.45.Final/netty-transport-4.1.45.Final.jar:/home/walkingtree/.m2/repository/io/netty/netty-common/4.1.45.Final/netty-common-4.1.45.Final.jar:/home/walkingtree/.m2/repository/io/netty/netty-buffer/4.1.45.Final/netty-buffer-4.1.45.Final.jar:/home/walkingtree/.m2/repository/io/netty/netty-resolver/4.1.45.Final/netty-resolver-4.1.45.Final.jar:/home/walkingtree/.m2/repository/io/netty/netty-codec/4.1.45.Final/netty-codec-4.1.45.Final.jar:/home/walkingtree/.m2/repository/io/netty/netty-handler/4.1.45.Final/netty-handler-4.1.45.Final.jar:/home/walkingtree/.m2/repository/de/bwaldvogel/mongo-java-server-memory-backend/1.24.0/mongo-java-server-memory-backend-1.24.0.jar:/home/walkingtree/.m2/repository/org/testcontainers/testcontainers/1.15.1/testcontainers-1.15.1.jar:/home/walkingtree/.m2/repository/org/apache/commons/commons-compress/1.20/commons-compress-1.20.jar:/home/walkingtree/.m2/repository/org/rnorth/duct-tape/duct-tape/1.0.8/duct-tape-1.0.8.jar:/home/walkingtree/.m2/repository/org/rnorth/visible-assertions/visible-assertions/2.1.2/visible-assertions-2.1.2.jar:/home/walkingtree/.m2/repository/net/java/dev/jna/jna/5.2.0/jna-5.2.0.jar:/home/walkingtree/.m2/repository/com/github/docker-java/docker-java-api/3.2.7/docker-java-api-3.2.7.jar:/home/walkingtree/.m2/repository/com/fasterxml/jackson/core/jackson-annotations/2.10.3/jackson-annotations-2.10.3.jar:/home/walkingtree/.m2/repository/com/github/docker-java/docker-java-transport-zerodep/3.2.7/docker-java-transport-zerodep-3.2.7.jar:/home/walkingtree/.m2/repository/com/github/docker-java/docker-java-transport/3.2.7/docker-java-transport-3.2.7.jar:"/>
    <property name="java.vm.vendor" value="Private Build"/>
    <property name="sun.arch.data.model" value="64"/>
    <property name="java.vendor.url" value="Unknown"/>
    <property name="os.name" value="Linux"/>
    <property name="java.vm.specification.version" value="17"/>
    <property name="sun.java.launcher" value="SUN_STANDARD"/>
    <property name="user.country" value="IN"/>
    <property name="sun.boot.library.path" value="/usr/lib/jvm/java-17-openjdk-amd64/lib"/>
    <property name="CONTEXT_KEY_PREVIOUSLY_PULLED" value="{&quot;mongo:4.0.5&quot;:true}"/>
    <property name="sun.java.command" value="/home/walkingtree/projects/git_projects/sonarqube-codecoverage-example/com.examples.school/target/surefire/surefirebooter12251736016686966415.jar /home/walkingtree/projects/git_projects/sonarqube-codecoverage-example/com.examples.school/target/surefire 2024-03-12T14-30-22_985-jvmRun1 surefire2727053128221328322tmp surefire_013750032367075781275tmp"/>
    <property name="jdk.debug" value="release"/>
    <property name="surefire.test.class.path" value="/home/walkingtree/projects/git_projects/sonarqube-codecoverage-example/com.examples.school/target/test-classes:/home/walkingtree/projects/git_projects/sonarqube-codecoverage-example/com.examples.school/target/school-0.0.1-SNAPSHOT.jar:/home/walkingtree/.m2/repository/org/mongodb/mongo-java-driver/3.12.8/mongo-java-driver-3.12.8.jar:/home/walkingtree/.m2/repository/com/google/code/findbugs/jsr305/3.0.2/jsr305-3.0.2.jar:/home/walkingtree/.m2/repository/ch/qos/logback/logback-classic/1.2.3/logback-classic-1.2.3.jar:/home/walkingtree/.m2/repository/ch/qos/logback/logback-core/1.2.3/logback-core-1.2.3.jar:/home/walkingtree/.m2/repository/org/slf4j/slf4j-api/1.7.25/slf4j-api-1.7.25.jar:/home/walkingtree/.m2/repository/info/picocli/picocli/3.9.3/picocli-3.9.3.jar:/home/walkingtree/.m2/repository/junit/junit/4.13.1/junit-4.13.1.jar:/home/walkingtree/.m2/repository/org/hamcrest/hamcrest-core/1.3/hamcrest-core-1.3.jar:/home/walkingtree/.m2/repository/org/assertj/assertj-swing-junit/3.9.2/assertj-swing-junit-3.9.2.jar:/home/walkingtree/.m2/repository/org/assertj/assertj-swing/3.9.2/assertj-swing-3.9.2.jar:/home/walkingtree/.m2/repository/org/assertj/assertj-core/3.11.1/assertj-core-3.11.1.jar:/home/walkingtree/.m2/repository/org/easytesting/fest-util/1.2.5/fest-util-1.2.5.jar:/home/walkingtree/.m2/repository/org/easytesting/fest-reflect/1.4.1/fest-reflect-1.4.1.jar:/home/walkingtree/.m2/repository/org/mockito/mockito-core/3.2.4/mockito-core-3.2.4.jar:/home/walkingtree/.m2/repository/net/bytebuddy/byte-buddy/1.10.5/byte-buddy-1.10.5.jar:/home/walkingtree/.m2/repository/net/bytebuddy/byte-buddy-agent/1.10.5/byte-buddy-agent-1.10.5.jar:/home/walkingtree/.m2/repository/org/objenesis/objenesis/2.6/objenesis-2.6.jar:/home/walkingtree/.m2/repository/de/bwaldvogel/mongo-java-server/1.24.0/mongo-java-server-1.24.0.jar:/home/walkingtree/.m2/repository/de/bwaldvogel/mongo-java-server-core/1.24.0/mongo-java-server-core-1.24.0.jar:/home/walkingtree/.m2/repository/io/netty/netty-transport/4.1.45.Final/netty-transport-4.1.45.Final.jar:/home/walkingtree/.m2/repository/io/netty/netty-common/4.1.45.Final/netty-common-4.1.45.Final.jar:/home/walkingtree/.m2/repository/io/netty/netty-buffer/4.1.45.Final/netty-buffer-4.1.45.Final.jar:/home/walkingtree/.m2/repository/io/netty/netty-resolver/4.1.45.Final/netty-resolver-4.1.45.Final.jar:/home/walkingtree/.m2/repository/io/netty/netty-codec/4.1.45.Final/netty-codec-4.1.45.Final.jar:/home/walkingtree/.m2/repository/io/netty/netty-handler/4.1.45.Final/netty-handler-4.1.45.Final.jar:/home/walkingtree/.m2/repository/de/bwaldvogel/mongo-java-server-memory-backend/1.24.0/mongo-java-server-memory-backend-1.24.0.jar:/home/walkingtree/.m2/repository/org/testcontainers/testcontainers/1.15.1/testcontainers-1.15.1.jar:/home/walkingtree/.m2/repository/org/apache/commons/commons-compress/1.20/commons-compress-1.20.jar:/home/walkingtree/.m2/repository/org/rnorth/duct-tape/duct-tape/1.0.8/duct-tape-1.0.8.jar:/home/walkingtree/.m2/repository/org/rnorth/visible-assertions/visible-assertions/2.1.2/visible-assertions-2.1.2.jar:/home/walkingtree/.m2/repository/net/java/dev/jna/jna/5.2.0/jna-5.2.0.jar:/home/walkingtree/.m2/repository/com/github/docker-java/docker-java-api/3.2.7/docker-java-api-3.2.7.jar:/home/walkingtree/.m2/repository/com/fasterxml/jackson/core/jackson-annotations/2.10.3/jackson-annotations-2.10.3.jar:/home/walkingtree/.m2/repository/com/github/docker-java/docker-java-transport-zerodep/3.2.7/docker-java-transport-zerodep-3.2.7.jar:/home/walkingtree/.m2/repository/com/github/docker-java/docker-java-transport/3.2.7/docker-java-transport-3.2.7.jar:"/>
    <property name="sun.cpu.endian" value="little"/>
    <property name="user.home" value="/home/walkingtree"/>
    <property name="user.language" value="en"/>
    <property name="java.specification.vendor" value="Oracle Corporation"/>
    <property name="java.version.date" value="2024-01-16"/>
    <property name="java.home" value="/usr/lib/jvm/java-17-openjdk-amd64"/>
    <property name="file.separator" value="/"/>
    <property name="basedir" value="/home/walkingtree/projects/git_projects/sonarqube-codecoverage-example/com.examples.school"/>
    <property name="java.vm.compressedOopsMode" value="Zero based"/>
    <property name="line.separator" value="&#10;"/>
    <property name="java.vm.specification.vendor" value="Oracle Corporation"/>
    <property name="java.specification.name" value="Java Platform API Specification"/>
    <property name="surefire.real.class.path" value="/home/walkingtree/projects/git_projects/sonarqube-codecoverage-example/com.examples.school/target/surefire/surefirebooter12251736016686966415.jar"/>
    <property name="sun.management.compiler" value="HotSpot 64-Bit Tiered Compilers"/>
    <property name="java.runtime.version" value="17.0.10+7-Ubuntu-120.04.1"/>
    <property name="user.name" value="walkingtree"/>
    <property name="path.separator" value=":"/>
    <property name="os.version" value="5.15.0-100-generic"/>
    <property name="java.runtime.name" value="OpenJDK Runtime Environment"/>
    <property name="file.encoding" value="UTF-8"/>
    <property name="java.vm.name" value="OpenJDK 64-Bit Server VM"/>
    <property name="localRepository" value="/home/walkingtree/.m2/repository"/>
    <property name="java.vendor.url.bug" value="Unknown"/>
    <property name="java.io.tmpdir" value="/tmp"/>
    <property name="java.version" value="17.0.10"/>
    <property name="user.dir" value="/home/walkingtree/projects/git_projects/sonarqube-codecoverage-example/com.examples.school"/>
    <property name="os.arch" value="amd64"/>
    <property name="java.vm.specification.name" value="Java Virtual Machine Specification"/>
    <property name="native.encoding" value="UTF-8"/>
    <property name="java.library.path" value="/usr/java/packages/lib:/usr/lib/x86_64-linux-gnu/jni:/lib/x86_64-linux-gnu:/usr/lib/x86_64-linux-gnu:/usr/lib/jni:/lib:/usr/lib"/>
    <property name="java.vm.info" value="mixed mode, sharing"/>
    <property name="java.vendor" value="Private Build"/>
    <property name="java.vm.version" value="17.0.10+7-Ubuntu-120.04.1"/>
    <property name="sun.io.unicode.encoding" value="UnicodeLittle"/>
    <property name="java.class.version" value="61.0"/>
  </properties>
  <testcase name="testFindAll" classname="com.examples.school.repository.mongo.StudentMongoRepositoryTestcontainersIT" time="0.051"/>
  <testcase name="testSave" classname="com.examples.school.repository.mongo.StudentMongoRepositoryTestcontainersIT" time="0.023"/>
  <testcase name="testFindById" classname="com.examples.school.repository.mongo.StudentMongoRepositoryTestcontainersIT" time="0.022"/>
  <testcase name="testDelete" classname="com.examples.school.repository.mongo.StudentMongoRepositoryTestcontainersIT" time="0.022"/>
</testsuite>